<?xml version="1.0" encoding="UTF-8"?>
<!-- Generated by org.testng.reporters.JUnitXMLReporter -->
<testsuite hostname="DESKTOP-RUAD0RO" ignored="0" name="Default test" tests="7" failures="0" timestamp="25 Apr 2021 13:20:16 GMT" time="85.869" errors="0">
  <testcase name="invalidCredentials" time="4.453" classname="com.accenttech.hrms.testCases.DataDrivenTest"/>
  <testcase name="invalidCredentials" time="4.453" classname="com.accenttech.hrms.testCases.DataDrivenTest"/>
  <testcase name="invalidCredentials" time="4.379" classname="com.accenttech.hrms.testCases.DataDrivenTest"/>
  <testcase name="invalidCredentials" time="3.252" classname="com.accenttech.hrms.testCases.DataDrivenTest"/>
  <testcase name="invalidCredentials" time="3.239" classname="com.accenttech.hrms.testCases.DataDrivenTest"/>
  <testcase name="invalidCredentials" time="3.013" classname="com.accenttech.hrms.testCases.DataDrivenTest"/>
  <testcase name="invalidCredentials" time="4.116" classname="com.accenttech.hrms.testCases.DataDrivenTest"/>
</testsuite> <!-- Default test -->
