<?xml version="1.0" encoding="UTF-8"?>
<!-- Generated by org.testng.reporters.JUnitXMLReporter -->
<testsuite hostname="DESKTOP-RUAD0RO" ignored="3" name="Test" tests="1" failures="0" timestamp="02 May 2021 15:57:36 GMT" time="32.956" errors="0">
  <testcase name="validLogin" time="9.059" classname="com.accenttech.hrms.testCases.Test_001"/>
  <testcase name="invalidPassword" time="0.0" classname="com.accenttech.hrms.testCases.Test_001">
    <ignored/>
  </testcase> <!-- invalidPassword -->
  <testcase name="invalidCredentials" time="0.0" classname="com.accenttech.hrms.testCases.Test_001">
    <ignored/>
  </testcase> <!-- invalidCredentials -->
  <testcase name="invalidusername" time="0.0" classname="com.accenttech.hrms.testCases.Test_001">
    <ignored/>
  </testcase> <!-- invalidusername -->
</testsuite> <!-- Test -->
