<?xml version="1.0" encoding="UTF-8"?>
<!-- Generated by org.testng.reporters.JUnitXMLReporter -->
<testsuite hostname="DESKTOP-RUAD0RO" ignored="2" name="Test" tests="2" failures="1" timestamp="25 Apr 2021 14:33:21 GMT" time="22.914" errors="0">
  <testcase name="invalidCredentials" time="1.935" classname="com.accenttech.hrms.testCases.Test_001">
    <failure type="java.lang.AssertionError" message="titles are not matched here expected [Invalid credential] but found [Invalid credentials]">
      <![CDATA[java.lang.AssertionError: titles are not matched here expected [Invalid credential] but found [Invalid credentials]
at com.accenttech.hrms.testCases.Test_001.invalidCredentials(Test_001.java:55)
... Removed 30 stack frames]]>
    </failure>
  </testcase> <!-- invalidCredentials -->
  <testcase name="validLogin" time="4.141" classname="com.accenttech.hrms.testCases.Test_001"/>
  <testcase name="invalidPassword" time="0.0" classname="com.accenttech.hrms.testCases.Test_001">
    <ignored/>
  </testcase> <!-- invalidPassword -->
  <testcase name="invalidusername" time="0.0" classname="com.accenttech.hrms.testCases.Test_001">
    <ignored/>
  </testcase> <!-- invalidusername -->
</testsuite> <!-- Test -->
