<?xml version="1.0" encoding="UTF-8"?>
<testng-results skipped="0" failed="0" ignored="3" total="4" passed="1">
  <reporter-output>
  </reporter-output>
  <suite name="Suite" duration-ms="32956" started-at="2021-05-02T15:57:03Z" finished-at="2021-05-02T15:57:36Z">
    <groups>
    </groups>
    <test name="Test" duration-ms="32956" started-at="2021-05-02T15:57:03Z" finished-at="2021-05-02T15:57:36Z">
      <class name="com.accenttech.hrms.testCases.Test_001">
        <test-method status="PASS" signature="generateReport()[pri:0, instance:com.accenttech.hrms.testCases.Test_001@146ba0ac]" name="generateReport" is-config="true" duration-ms="477" started-at="2021-05-02T15:57:03Z" finished-at="2021-05-02T15:57:03Z">
          <reporter-output>
          </reporter-output>
        </test-method> <!-- generateReport -->
        <test-method status="PASS" signature="setUp()[pri:0, instance:com.accenttech.hrms.testCases.Test_001@146ba0ac]" name="setUp" is-config="true" duration-ms="21247" started-at="2021-05-02T15:57:03Z" finished-at="2021-05-02T15:57:25Z">
          <reporter-output>
          </reporter-output>
        </test-method> <!-- setUp -->
        <test-method status="PASS" signature="validLogin()[pri:0, instance:com.accenttech.hrms.testCases.Test_001@146ba0ac]" name="validLogin" duration-ms="9059" started-at="2021-05-02T15:57:25Z" finished-at="2021-05-02T15:57:34Z">
          <reporter-output>
          </reporter-output>
        </test-method> <!-- validLogin -->
        <test-method status="PASS" signature="tearDown()[pri:0, instance:com.accenttech.hrms.testCases.Test_001@146ba0ac]" name="tearDown" is-config="true" duration-ms="943" started-at="2021-05-02T15:57:34Z" finished-at="2021-05-02T15:57:35Z">
          <reporter-output>
          </reporter-output>
        </test-method> <!-- tearDown -->
        <test-method status="PASS" signature="writeReport()[pri:0, instance:com.accenttech.hrms.testCases.Test_001@146ba0ac]" name="writeReport" is-config="true" duration-ms="891" started-at="2021-05-02T15:57:35Z" finished-at="2021-05-02T15:57:36Z">
          <reporter-output>
          </reporter-output>
        </test-method> <!-- writeReport -->
      </class> <!-- com.accenttech.hrms.testCases.Test_001 -->
    </test> <!-- Test -->
  </suite> <!-- Suite -->
</testng-results>
